[debug] [2024-11-20T13:38:24.216Z] ----------------------------------------------------------------------
[debug] [2024-11-20T13:38:24.218Z] Command:       C:\Program Files\nodejs\node.exe C:\Program Files\nodejs\node_modules\firebase-tools\lib\bin\firebase.js emulators:start
[debug] [2024-11-20T13:38:24.218Z] CLI Version:   13.26.0
[debug] [2024-11-20T13:38:24.218Z] Platform:      win32
[debug] [2024-11-20T13:38:24.218Z] Node Version:  v20.12.0
[debug] [2024-11-20T13:38:24.218Z] Time:          Wed Nov 20 2024 08:38:24 GMT-0500 (Eastern Standard Time)
[debug] [2024-11-20T13:38:24.219Z] ----------------------------------------------------------------------
[debug] 
[debug] [2024-11-20T13:38:24.314Z] > command requires scopes: ["email","openid","https://www.googleapis.com/auth/cloudplatformprojects.readonly","https://www.googleapis.com/auth/firebase","https://www.googleapis.com/auth/cloud-platform"]
[debug] [2024-11-20T13:38:24.314Z] > authorizing via signed-in user (telesapps85@gmail.com)
[debug] [2024-11-20T13:38:24.394Z] java version "22.0.2" 2024-07-16

[debug] [2024-11-20T13:38:24.394Z] Java(TM) SE Runtime Environment (build 22.0.2+9-70)
Java HotSpot(TM) 64-Bit Server VM (build 22.0.2+9-70, mixed mode, sharing)

[debug] [2024-11-20T13:38:24.412Z] Parsed Java major version: 22
[info] i  emulators: Starting emulators: functions, firestore, hosting, storage, extensions {"metadata":{"emulator":{"name":"hub"},"message":"Starting emulators: functions, firestore, hosting, storage, extensions"}}
[debug] [2024-11-20T13:38:24.414Z] Checked if tokens are valid: true, expires at: 1732113388509
[debug] [2024-11-20T13:38:24.414Z] Checked if tokens are valid: true, expires at: 1732113388509
[debug] [2024-11-20T13:38:24.415Z] >>> [apiv2][query] GET https://cloudresourcemanager.googleapis.com/v1/projects/telesapps-c8f5a [none]
[debug] [2024-11-20T13:38:24.659Z] <<< [apiv2][status] GET https://cloudresourcemanager.googleapis.com/v1/projects/telesapps-c8f5a 200
[debug] [2024-11-20T13:38:24.659Z] <<< [apiv2][body] GET https://cloudresourcemanager.googleapis.com/v1/projects/telesapps-c8f5a {"projectNumber":"1095550930048","projectId":"telesapps-c8f5a","lifecycleState":"ACTIVE","name":"telesapps","labels":{"firebase":"enabled"},"createTime":"2022-06-26T12:09:31.371Z"}
[debug] [2024-11-20T13:38:24.673Z] [logging] Logging Emulator only supports listening on one address (127.0.0.1). Not listening on ::1
[debug] [2024-11-20T13:38:24.673Z] [firestore] Firestore Emulator only supports listening on one address (127.0.0.1). Not listening on ::1
[debug] [2024-11-20T13:38:24.673Z] [firestore.websocket] websocket server for firestore only supports listening on one address (127.0.0.1). Not listening on ::1
[debug] [2024-11-20T13:38:24.673Z] [hosting] Hosting Emulator only supports listening on one address (127.0.0.1). Not listening on ::1
[debug] [2024-11-20T13:38:24.674Z] [storage] Storage Emulator only supports listening on one address (127.0.0.1). Not listening on ::1
[debug] [2024-11-20T13:38:24.674Z] assigned listening specs for emulators {"user":{"hub":[{"address":"127.0.0.1","family":"IPv4","port":4400},{"address":"::1","family":"IPv6","port":4400}],"ui":[{"address":"127.0.0.1","family":"IPv4","port":4000},{"address":"::1","family":"IPv6","port":4000}],"logging":[{"address":"127.0.0.1","family":"IPv4","port":4500}],"firestore":[{"address":"127.0.0.1","family":"IPv4","port":8080}],"firestore.websocket":[{"address":"127.0.0.1","family":"IPv4","port":9150}],"hosting":[{"address":"127.0.0.1","family":"IPv4","port":5000}],"storage":[{"address":"127.0.0.1","family":"IPv4","port":9199}]},"metadata":{"message":"assigned listening specs for emulators"}}
[debug] [2024-11-20T13:38:24.678Z] [hub] writing locator at C:\Users\claud\AppData\Local\Temp\hub-telesapps-c8f5a.json
[debug] [2024-11-20T13:38:24.683Z] [Extensions] Started Extensions emulator, this is a noop.
[debug] [2024-11-20T13:38:24.687Z] [functions] Functions Emulator only supports listening on one address (127.0.0.1). Not listening on ::1
[debug] [2024-11-20T13:38:24.687Z] [eventarc] Eventarc Emulator only supports listening on one address (127.0.0.1). Not listening on ::1
[debug] [2024-11-20T13:38:24.687Z] [tasks] Cloud Tasks Emulator only supports listening on one address (127.0.0.1). Not listening on ::1
[debug] [2024-11-20T13:38:24.687Z] late-assigned ports for functions and eventarc emulators {"user":{"hub":[{"address":"127.0.0.1","family":"IPv4","port":4400},{"address":"::1","family":"IPv6","port":4400}],"ui":[{"address":"127.0.0.1","family":"IPv4","port":4000},{"address":"::1","family":"IPv6","port":4000}],"logging":[{"address":"127.0.0.1","family":"IPv4","port":4500}],"firestore":[{"address":"127.0.0.1","family":"IPv4","port":8080}],"firestore.websocket":[{"address":"127.0.0.1","family":"IPv4","port":9150}],"hosting":[{"address":"127.0.0.1","family":"IPv4","port":5000}],"storage":[{"address":"127.0.0.1","family":"IPv4","port":9199}],"functions":[{"address":"127.0.0.1","family":"IPv4","port":5001}],"eventarc":[{"address":"127.0.0.1","family":"IPv4","port":9299}],"tasks":[{"address":"127.0.0.1","family":"IPv4","port":9499}]},"metadata":{"message":"late-assigned ports for functions and eventarc emulators"}}
[warn] !  functions: The following emulators are not running, calls to these services from the Functions emulator will affect production: auth, database, pubsub, dataconnect {"metadata":{"emulator":{"name":"functions"},"message":"The following emulators are not running, calls to these services from the Functions emulator will affect production: \u001b[1mauth, database, pubsub, dataconnect\u001b[22m"}}
[debug] [2024-11-20T13:38:24.691Z] defaultcredentials: writing to file C:\Users\claud\AppData\Roaming\firebase\telesapps85_gmail_com_application_default_credentials.json
[debug] [2024-11-20T13:38:24.693Z] Setting GAC to C:\Users\claud\AppData\Roaming\firebase\telesapps85_gmail_com_application_default_credentials.json {"metadata":{"emulator":{"name":"functions"},"message":"Setting GAC to C:\\Users\\claud\\AppData\\Roaming\\firebase\\telesapps85_gmail_com_application_default_credentials.json"}}
[debug] [2024-11-20T13:38:24.694Z] Checked if tokens are valid: true, expires at: 1732113388509
[debug] [2024-11-20T13:38:24.694Z] Checked if tokens are valid: true, expires at: 1732113388509
[debug] [2024-11-20T13:38:24.694Z] >>> [apiv2][query] GET https://firebase.googleapis.com/v1beta1/projects/telesapps-c8f5a/adminSdkConfig [none]
[debug] [2024-11-20T13:38:25.289Z] <<< [apiv2][status] GET https://firebase.googleapis.com/v1beta1/projects/telesapps-c8f5a/adminSdkConfig 200
[debug] [2024-11-20T13:38:25.290Z] <<< [apiv2][body] GET https://firebase.googleapis.com/v1beta1/projects/telesapps-c8f5a/adminSdkConfig {"projectId":"telesapps-c8f5a","storageBucket":"telesapps-c8f5a.appspot.com","locationId":"us-central"}
[info] i  firestore: downloading cloud-firestore-emulator-v1.19.8.jar... {"metadata":{"emulator":{"name":"firestore"},"message":"downloading cloud-firestore-emulator-v1.19.8.jar..."}}
[debug] [2024-11-20T13:38:25.348Z] >>> [apiv2][query] GET https://storage.googleapis.com/firebase-preview-drop/emulator/cloud-firestore-emulator-v1.19.8.jar 
[debug] [2024-11-20T13:38:25.547Z] <<< [apiv2][status] GET https://storage.googleapis.com/firebase-preview-drop/emulator/cloud-firestore-emulator-v1.19.8.jar 200
[debug] [2024-11-20T13:38:25.547Z] <<< [apiv2][body] GET https://storage.googleapis.com/firebase-preview-drop/emulator/cloud-firestore-emulator-v1.19.8.jar [stream]
[info] i  firestore: Removing outdated emulator files: cloud-firestore-emulator-v1.19.7.jar {"metadata":{"emulator":{"name":"firestore"},"message":"Removing outdated emulator files: cloud-firestore-emulator-v1.19.7.jar"}}
[debug] [2024-11-20T13:38:27.037Z] Ignoring unsupported arg: auto_download {"metadata":{"emulator":{"name":"firestore"},"message":"Ignoring unsupported arg: auto_download"}}
[debug] [2024-11-20T13:38:27.037Z] Ignoring unsupported arg: single_project_mode_error {"metadata":{"emulator":{"name":"firestore"},"message":"Ignoring unsupported arg: single_project_mode_error"}}
[debug] [2024-11-20T13:38:27.037Z] Starting Firestore Emulator with command {"binary":"java","args":["-Dgoogle.cloud_firestore.debug_log_level=FINE","-Duser.language=en","-jar","C:\\Users\\claud\\.cache\\firebase\\emulators\\cloud-firestore-emulator-v1.19.8.jar","--host","127.0.0.1","--port",8080,"--websocket_port",9150,"--project_id","telesapps-c8f5a","--rules","D:\\All Projects\\telesApps\\firestore.rules","--single_project_mode",true,"--functions_emulator","127.0.0.1:5001"],"optionalArgs":["port","webchannel_port","host","rules","websocket_port","functions_emulator","seed_from_export","project_id","single_project_mode"],"joinArgs":false,"shell":false,"port":8080} {"metadata":{"emulator":{"name":"firestore"},"message":"Starting Firestore Emulator with command {\"binary\":\"java\",\"args\":[\"-Dgoogle.cloud_firestore.debug_log_level=FINE\",\"-Duser.language=en\",\"-jar\",\"C:\\\\Users\\\\claud\\\\.cache\\\\firebase\\\\emulators\\\\cloud-firestore-emulator-v1.19.8.jar\",\"--host\",\"127.0.0.1\",\"--port\",8080,\"--websocket_port\",9150,\"--project_id\",\"telesapps-c8f5a\",\"--rules\",\"D:\\\\All Projects\\\\telesApps\\\\firestore.rules\",\"--single_project_mode\",true,\"--functions_emulator\",\"127.0.0.1:5001\"],\"optionalArgs\":[\"port\",\"webchannel_port\",\"host\",\"rules\",\"websocket_port\",\"functions_emulator\",\"seed_from_export\",\"project_id\",\"single_project_mode\"],\"joinArgs\":false,\"shell\":false,\"port\":8080}"}}
[info] i  firestore: Firestore Emulator logging to firestore-debug.log {"metadata":{"emulator":{"name":"firestore"},"message":"Firestore Emulator logging to \u001b[1mfirestore-debug.log\u001b[22m"}}
[info] +  firestore: Firestore Emulator UI websocket is running on 9150. {"metadata":{"emulator":{"name":"firestore"},"message":"Firestore Emulator UI websocket is running on 9150."}}
[debug] [2024-11-20T13:38:28.302Z] Ignoring unsupported arg: port {"metadata":{"emulator":{"name":"storage"},"message":"Ignoring unsupported arg: port"}}
[debug] [2024-11-20T13:38:28.978Z] Temp file directory for storage emulator: C:\Users\claud\AppData\Local\Temp/firebase/storage/blobs {"metadata":{"emulator":{"name":"storage"},"message":"Temp file directory for storage emulator: C:\\Users\\claud\\AppData\\Local\\Temp/firebase/storage/blobs"}}
[debug] [2024-11-20T13:38:28.982Z] Checked if tokens are valid: true, expires at: 1732113388509
[debug] [2024-11-20T13:38:28.982Z] Checked if tokens are valid: true, expires at: 1732113388509
[debug] [2024-11-20T13:38:28.982Z] >>> [apiv2][query] GET https://firebasehosting.googleapis.com/v1beta1/projects/telesapps-c8f5a/sites 
[debug] [2024-11-20T13:38:29.696Z] <<< [apiv2][status] GET https://firebasehosting.googleapis.com/v1beta1/projects/telesapps-c8f5a/sites 200
[debug] [2024-11-20T13:38:29.697Z] <<< [apiv2][body] GET https://firebasehosting.googleapis.com/v1beta1/projects/telesapps-c8f5a/sites {"sites":[{"name":"projects/telesapps-c8f5a/sites/telesapps-c8f5a","defaultUrl":"https://telesapps-c8f5a.web.app","appId":"1:1095550930048:web:9c6f8462bcfc71bbbdaa65","type":"DEFAULT_SITE"}]}
[debug] [2024-11-20T13:38:29.697Z] Checked if tokens are valid: true, expires at: 1732113388509
[debug] [2024-11-20T13:38:29.697Z] Checked if tokens are valid: true, expires at: 1732113388509
[debug] [2024-11-20T13:38:29.697Z] >>> [apiv2][query] GET https://firebase.googleapis.com/v1beta1/projects/telesapps-c8f5a/webApps/1:1095550930048:web:9c6f8462bcfc71bbbdaa65/config [none]
[debug] [2024-11-20T13:38:30.123Z] <<< [apiv2][status] GET https://firebase.googleapis.com/v1beta1/projects/telesapps-c8f5a/webApps/1:1095550930048:web:9c6f8462bcfc71bbbdaa65/config 200
[debug] [2024-11-20T13:38:30.123Z] <<< [apiv2][body] GET https://firebase.googleapis.com/v1beta1/projects/telesapps-c8f5a/webApps/1:1095550930048:web:9c6f8462bcfc71bbbdaa65/config {"projectId":"telesapps-c8f5a","appId":"1:1095550930048:web:9c6f8462bcfc71bbbdaa65","storageBucket":"telesapps-c8f5a.appspot.com","locationId":"us-central","apiKey":"AIzaSyDlLKHGBCmJea2aDAblXobANWgX6wto55E","authDomain":"telesapps-c8f5a.firebaseapp.com","messagingSenderId":"1095550930048","measurementId":"G-ZZ1MP3DF02"}
[debug] [2024-11-20T13:38:30.137Z] Checked if tokens are valid: true, expires at: 1732113388509
[debug] [2024-11-20T13:38:30.137Z] Checked if tokens are valid: true, expires at: 1732113388509
[debug] [2024-11-20T13:38:30.138Z] >>> [apiv2][query] GET https://firebase.googleapis.com/v1beta1/projects/telesapps-c8f5a [none]
[debug] [2024-11-20T13:38:30.446Z] <<< [apiv2][status] GET https://firebase.googleapis.com/v1beta1/projects/telesapps-c8f5a 200
[debug] [2024-11-20T13:38:30.446Z] <<< [apiv2][body] GET https://firebase.googleapis.com/v1beta1/projects/telesapps-c8f5a {"projectId":"telesapps-c8f5a","projectNumber":"1095550930048","displayName":"telesapps","name":"projects/telesapps-c8f5a","resources":{"hostingSite":"telesapps-c8f5a","storageBucket":"telesapps-c8f5a.appspot.com","locationId":"us-central"},"state":"ACTIVE","etag":"1_05850980-6cad-44ff-b680-7900153e0fb1"}
[info] i  hosting[telesapps-c8f5a]: Serving hosting files from: dist/teles-apps/browser {"metadata":{"emulator":{"name":"hosting"},"message":"Serving hosting files from: \u001b[1mdist/teles-apps/browser\u001b[22m"}}
[info] +  hosting[telesapps-c8f5a]: Local server: http://127.0.0.1:5000 {"metadata":{"emulator":{"name":"hosting"},"message":"Local server: \u001b[4m\u001b[1mhttp://127.0.0.1:5000\u001b[22m\u001b[24m"}}
[info] i  ui: downloading ui-v1.14.0.zip... {"metadata":{"emulator":{"name":"ui"},"message":"downloading ui-v1.14.0.zip..."}}
[debug] [2024-11-20T13:38:30.542Z] >>> [apiv2][query] GET https://storage.googleapis.com/firebase-preview-drop/emulator/ui-v1.14.0.zip 
[debug] [2024-11-20T13:38:30.595Z] <<< [apiv2][status] GET https://storage.googleapis.com/firebase-preview-drop/emulator/ui-v1.14.0.zip 200
[debug] [2024-11-20T13:38:30.595Z] <<< [apiv2][body] GET https://storage.googleapis.com/firebase-preview-drop/emulator/ui-v1.14.0.zip [stream]
[debug] [2024-11-20T13:38:30.696Z] Data is 3615311
[debug] [2024-11-20T13:38:30.697Z] [unzip] Entry: client/ (compressed_size=0 bytes, uncompressed_size=0 bytes)
[debug] [2024-11-20T13:38:30.697Z] [unzip] Processing entry: client\
[debug] [2024-11-20T13:38:30.697Z] [unzip] mkdir: C:\Users\claud\.cache\firebase\emulators\ui-v1.14.0\client\
[debug] [2024-11-20T13:38:30.697Z] [unzip] Entry: client/favicon-16x16.png (compressed_size=293 bytes, uncompressed_size=293 bytes)
[debug] [2024-11-20T13:38:30.697Z] [unzip] Processing entry: client\favicon-16x16.png
[debug] [2024-11-20T13:38:30.697Z] [unzip] else mkdir: C:\Users\claud\.cache\firebase\emulators\ui-v1.14.0\client
[debug] [2024-11-20T13:38:30.698Z] [unzip] Writing file: C:\Users\claud\.cache\firebase\emulators\ui-v1.14.0\client\favicon-16x16.png
[debug] [2024-11-20T13:38:30.699Z] [unzip] Entry: client/safari-pinned-tab.svg (compressed_size=1433 bytes, uncompressed_size=2611 bytes)
[debug] [2024-11-20T13:38:30.699Z] [unzip] Processing entry: client\safari-pinned-tab.svg
[debug] [2024-11-20T13:38:30.699Z] [unzip] else mkdir: C:\Users\claud\.cache\firebase\emulators\ui-v1.14.0\client
[debug] [2024-11-20T13:38:30.699Z] [unzip] deflating: C:\Users\claud\.cache\firebase\emulators\ui-v1.14.0\client\safari-pinned-tab.svg
[debug] [2024-11-20T13:38:30.702Z] [unzip] Entry: client/favicon.ico (compressed_size=2933 bytes, uncompressed_size=13294 bytes)
[debug] [2024-11-20T13:38:30.702Z] [unzip] Processing entry: client\favicon.ico
[debug] [2024-11-20T13:38:30.702Z] [unzip] else mkdir: C:\Users\claud\.cache\firebase\emulators\ui-v1.14.0\client
[debug] [2024-11-20T13:38:30.702Z] [unzip] deflating: C:\Users\claud\.cache\firebase\emulators\ui-v1.14.0\client\favicon.ico
[debug] [2024-11-20T13:38:30.703Z] [unzip] Entry: client/index.html (compressed_size=1363 bytes, uncompressed_size=3071 bytes)
[debug] [2024-11-20T13:38:30.703Z] [unzip] Processing entry: client\index.html
[debug] [2024-11-20T13:38:30.703Z] [unzip] else mkdir: C:\Users\claud\.cache\firebase\emulators\ui-v1.14.0\client
[debug] [2024-11-20T13:38:30.703Z] [unzip] deflating: C:\Users\claud\.cache\firebase\emulators\ui-v1.14.0\client\index.html
[debug] [2024-11-20T13:38:30.705Z] [unzip] Entry: client/android-chrome-192x192.png (compressed_size=2684 bytes, uncompressed_size=2684 bytes)
[debug] [2024-11-20T13:38:30.705Z] [unzip] Processing entry: client\android-chrome-192x192.png
[debug] [2024-11-20T13:38:30.705Z] [unzip] else mkdir: C:\Users\claud\.cache\firebase\emulators\ui-v1.14.0\client
[debug] [2024-11-20T13:38:30.705Z] [unzip] Writing file: C:\Users\claud\.cache\firebase\emulators\ui-v1.14.0\client\android-chrome-192x192.png
[debug] [2024-11-20T13:38:30.706Z] [unzip] Entry: client/apple-touch-icon.png (compressed_size=2123 bytes, uncompressed_size=2152 bytes)
[debug] [2024-11-20T13:38:30.706Z] [unzip] Processing entry: client\apple-touch-icon.png
[debug] [2024-11-20T13:38:30.706Z] [unzip] else mkdir: C:\Users\claud\.cache\firebase\emulators\ui-v1.14.0\client
[debug] [2024-11-20T13:38:30.707Z] [unzip] deflating: C:\Users\claud\.cache\firebase\emulators\ui-v1.14.0\client\apple-touch-icon.png
[debug] [2024-11-20T13:38:30.709Z] [unzip] Entry: client/android-chrome-512x512.png (compressed_size=5369 bytes, uncompressed_size=5411 bytes)
[debug] [2024-11-20T13:38:30.709Z] [unzip] Processing entry: client\android-chrome-512x512.png
[debug] [2024-11-20T13:38:30.709Z] [unzip] else mkdir: C:\Users\claud\.cache\firebase\emulators\ui-v1.14.0\client
[debug] [2024-11-20T13:38:30.709Z] [unzip] deflating: C:\Users\claud\.cache\firebase\emulators\ui-v1.14.0\client\android-chrome-512x512.png
[debug] [2024-11-20T13:38:30.710Z] [unzip] Entry: client/manifest.json (compressed_size=245 bytes, uncompressed_size=551 bytes)
[debug] [2024-11-20T13:38:30.711Z] [unzip] Processing entry: client\manifest.json
[debug] [2024-11-20T13:38:30.711Z] [unzip] else mkdir: C:\Users\claud\.cache\firebase\emulators\ui-v1.14.0\client
[debug] [2024-11-20T13:38:30.711Z] [unzip] deflating: C:\Users\claud\.cache\firebase\emulators\ui-v1.14.0\client\manifest.json
[debug] [2024-11-20T13:38:30.712Z] [unzip] Entry: client/robots.txt (compressed_size=26 bytes, uncompressed_size=26 bytes)
[debug] [2024-11-20T13:38:30.712Z] [unzip] Processing entry: client\robots.txt
[debug] [2024-11-20T13:38:30.712Z] [unzip] else mkdir: C:\Users\claud\.cache\firebase\emulators\ui-v1.14.0\client
[debug] [2024-11-20T13:38:30.712Z] [unzip] Writing file: C:\Users\claud\.cache\firebase\emulators\ui-v1.14.0\client\robots.txt
[debug] [2024-11-20T13:38:30.713Z] [unzip] Entry: client/mstile-150x150.png (compressed_size=2034 bytes, uncompressed_size=2034 bytes)
[debug] [2024-11-20T13:38:30.713Z] [unzip] Processing entry: client\mstile-150x150.png
[debug] [2024-11-20T13:38:30.713Z] [unzip] else mkdir: C:\Users\claud\.cache\firebase\emulators\ui-v1.14.0\client
[debug] [2024-11-20T13:38:30.714Z] [unzip] Writing file: C:\Users\claud\.cache\firebase\emulators\ui-v1.14.0\client\mstile-150x150.png
[debug] [2024-11-20T13:38:30.714Z] [unzip] Entry: client/assets/ (compressed_size=0 bytes, uncompressed_size=0 bytes)
[debug] [2024-11-20T13:38:30.714Z] [unzip] Processing entry: client\assets\
[debug] [2024-11-20T13:38:30.714Z] [unzip] mkdir: C:\Users\claud\.cache\firebase\emulators\ui-v1.14.0\client\assets\
[debug] [2024-11-20T13:38:30.715Z] [unzip] Entry: client/assets/index-ClZTY_JS.js.map (compressed_size=2328270 bytes, uncompressed_size=9947004 bytes)
[debug] [2024-11-20T13:38:30.715Z] [unzip] Processing entry: client\assets\index-ClZTY_JS.js.map
[debug] [2024-11-20T13:38:30.715Z] [unzip] else mkdir: C:\Users\claud\.cache\firebase\emulators\ui-v1.14.0\client\assets
[debug] [2024-11-20T13:38:30.715Z] [unzip] deflating: C:\Users\claud\.cache\firebase\emulators\ui-v1.14.0\client\assets\index-ClZTY_JS.js.map
[debug] [2024-11-20T13:38:30.761Z] [unzip] Entry: client/assets/index-ClZTY_JS.js (compressed_size=567195 bytes, uncompressed_size=2035940 bytes)
[debug] [2024-11-20T13:38:30.761Z] [unzip] Processing entry: client\assets\index-ClZTY_JS.js
[debug] [2024-11-20T13:38:30.761Z] [unzip] else mkdir: C:\Users\claud\.cache\firebase\emulators\ui-v1.14.0\client\assets
[debug] [2024-11-20T13:38:30.761Z] [unzip] deflating: C:\Users\claud\.cache\firebase\emulators\ui-v1.14.0\client\assets\index-ClZTY_JS.js
[debug] [2024-11-20T13:38:30.776Z] [unzip] Entry: client/assets/index-BdgySamB.css (compressed_size=35979 bytes, uncompressed_size=298654 bytes)
[debug] [2024-11-20T13:38:30.776Z] [unzip] Processing entry: client\assets\index-BdgySamB.css
[debug] [2024-11-20T13:38:30.776Z] [unzip] else mkdir: C:\Users\claud\.cache\firebase\emulators\ui-v1.14.0\client\assets
[debug] [2024-11-20T13:38:30.777Z] [unzip] deflating: C:\Users\claud\.cache\firebase\emulators\ui-v1.14.0\client\assets\index-BdgySamB.css
[debug] [2024-11-20T13:38:30.778Z] [unzip] Entry: client/assets/extensions/ (compressed_size=0 bytes, uncompressed_size=0 bytes)
[debug] [2024-11-20T13:38:30.778Z] [unzip] Processing entry: client\assets\extensions\
[debug] [2024-11-20T13:38:30.778Z] [unzip] mkdir: C:\Users\claud\.cache\firebase\emulators\ui-v1.14.0\client\assets\extensions\
[debug] [2024-11-20T13:38:30.779Z] [unzip] Entry: client/assets/extensions/default-extension.png (compressed_size=1646 bytes, uncompressed_size=1657 bytes)
[debug] [2024-11-20T13:38:30.779Z] [unzip] Processing entry: client\assets\extensions\default-extension.png
[debug] [2024-11-20T13:38:30.779Z] [unzip] else mkdir: C:\Users\claud\.cache\firebase\emulators\ui-v1.14.0\client\assets\extensions
[debug] [2024-11-20T13:38:30.779Z] [unzip] deflating: C:\Users\claud\.cache\firebase\emulators\ui-v1.14.0\client\assets\extensions\default-extension.png
[debug] [2024-11-20T13:38:30.780Z] [unzip] Entry: client/assets/img/ (compressed_size=0 bytes, uncompressed_size=0 bytes)
[debug] [2024-11-20T13:38:30.780Z] [unzip] Processing entry: client\assets\img\
[debug] [2024-11-20T13:38:30.780Z] [unzip] mkdir: C:\Users\claud\.cache\firebase\emulators\ui-v1.14.0\client\assets\img\
[debug] [2024-11-20T13:38:30.780Z] [unzip] Entry: client/assets/img/database.png (compressed_size=29449 bytes, uncompressed_size=29988 bytes)
[debug] [2024-11-20T13:38:30.780Z] [unzip] Processing entry: client\assets\img\database.png
[debug] [2024-11-20T13:38:30.780Z] [unzip] else mkdir: C:\Users\claud\.cache\firebase\emulators\ui-v1.14.0\client\assets\img
[debug] [2024-11-20T13:38:30.781Z] [unzip] deflating: C:\Users\claud\.cache\firebase\emulators\ui-v1.14.0\client\assets\img\database.png
[debug] [2024-11-20T13:38:30.782Z] [unzip] Entry: client/assets/provider-icons/ (compressed_size=0 bytes, uncompressed_size=0 bytes)
[debug] [2024-11-20T13:38:30.782Z] [unzip] Processing entry: client\assets\provider-icons\
[debug] [2024-11-20T13:38:30.782Z] [unzip] mkdir: C:\Users\claud\.cache\firebase\emulators\ui-v1.14.0\client\assets\provider-icons\
[debug] [2024-11-20T13:38:30.782Z] [unzip] Entry: client/assets/provider-icons/auth_service_saml.svg (compressed_size=575 bytes, uncompressed_size=1226 bytes)
[debug] [2024-11-20T13:38:30.783Z] [unzip] Processing entry: client\assets\provider-icons\auth_service_saml.svg
[debug] [2024-11-20T13:38:30.783Z] [unzip] else mkdir: C:\Users\claud\.cache\firebase\emulators\ui-v1.14.0\client\assets\provider-icons
[debug] [2024-11-20T13:38:30.783Z] [unzip] deflating: C:\Users\claud\.cache\firebase\emulators\ui-v1.14.0\client\assets\provider-icons\auth_service_saml.svg
[debug] [2024-11-20T13:38:30.784Z] [unzip] Entry: client/assets/provider-icons/auth_service_phone.svg (compressed_size=261 bytes, uncompressed_size=414 bytes)
[debug] [2024-11-20T13:38:30.784Z] [unzip] Processing entry: client\assets\provider-icons\auth_service_phone.svg
[debug] [2024-11-20T13:38:30.784Z] [unzip] else mkdir: C:\Users\claud\.cache\firebase\emulators\ui-v1.14.0\client\assets\provider-icons
[debug] [2024-11-20T13:38:30.785Z] [unzip] deflating: C:\Users\claud\.cache\firebase\emulators\ui-v1.14.0\client\assets\provider-icons\auth_service_phone.svg
[debug] [2024-11-20T13:38:30.786Z] [unzip] Entry: client/assets/provider-icons/auth_service_facebook.svg (compressed_size=289 bytes, uncompressed_size=457 bytes)
[debug] [2024-11-20T13:38:30.786Z] [unzip] Processing entry: client\assets\provider-icons\auth_service_facebook.svg
[debug] [2024-11-20T13:38:30.786Z] [unzip] else mkdir: C:\Users\claud\.cache\firebase\emulators\ui-v1.14.0\client\assets\provider-icons
[debug] [2024-11-20T13:38:30.786Z] [unzip] deflating: C:\Users\claud\.cache\firebase\emulators\ui-v1.14.0\client\assets\provider-icons\auth_service_facebook.svg
[debug] [2024-11-20T13:38:30.788Z] [unzip] Entry: client/assets/provider-icons/auth_service_game_center.svg (compressed_size=991 bytes, uncompressed_size=3921 bytes)
[debug] [2024-11-20T13:38:30.788Z] [unzip] Processing entry: client\assets\provider-icons\auth_service_game_center.svg
[debug] [2024-11-20T13:38:30.788Z] [unzip] else mkdir: C:\Users\claud\.cache\firebase\emulators\ui-v1.14.0\client\assets\provider-icons
[debug] [2024-11-20T13:38:30.788Z] [unzip] deflating: C:\Users\claud\.cache\firebase\emulators\ui-v1.14.0\client\assets\provider-icons\auth_service_game_center.svg
[debug] [2024-11-20T13:38:30.790Z] [unzip] Entry: client/assets/provider-icons/auth_service_apple.svg (compressed_size=230 bytes, uncompressed_size=334 bytes)
[debug] [2024-11-20T13:38:30.791Z] [unzip] Processing entry: client\assets\provider-icons\auth_service_apple.svg
[debug] [2024-11-20T13:38:30.791Z] [unzip] else mkdir: C:\Users\claud\.cache\firebase\emulators\ui-v1.14.0\client\assets\provider-icons
[debug] [2024-11-20T13:38:30.791Z] [unzip] deflating: C:\Users\claud\.cache\firebase\emulators\ui-v1.14.0\client\assets\provider-icons\auth_service_apple.svg
[debug] [2024-11-20T13:38:30.792Z] [unzip] Entry: client/assets/provider-icons/auth_service_github.svg (compressed_size=466 bytes, uncompressed_size=838 bytes)
[debug] [2024-11-20T13:38:30.792Z] [unzip] Processing entry: client\assets\provider-icons\auth_service_github.svg
[debug] [2024-11-20T13:38:30.792Z] [unzip] else mkdir: C:\Users\claud\.cache\firebase\emulators\ui-v1.14.0\client\assets\provider-icons
[debug] [2024-11-20T13:38:30.793Z] [unzip] deflating: C:\Users\claud\.cache\firebase\emulators\ui-v1.14.0\client\assets\provider-icons\auth_service_github.svg
[debug] [2024-11-20T13:38:30.794Z] [unzip] Entry: client/assets/provider-icons/auth_service_mslive.svg (compressed_size=203 bytes, uncompressed_size=378 bytes)
[debug] [2024-11-20T13:38:30.794Z] [unzip] Processing entry: client\assets\provider-icons\auth_service_mslive.svg
[debug] [2024-11-20T13:38:30.794Z] [unzip] else mkdir: C:\Users\claud\.cache\firebase\emulators\ui-v1.14.0\client\assets\provider-icons
[debug] [2024-11-20T13:38:30.795Z] [unzip] deflating: C:\Users\claud\.cache\firebase\emulators\ui-v1.14.0\client\assets\provider-icons\auth_service_mslive.svg
[debug] [2024-11-20T13:38:30.796Z] [unzip] Entry: client/assets/provider-icons/auth_service_yahoo.svg (compressed_size=577 bytes, uncompressed_size=1182 bytes)
[debug] [2024-11-20T13:38:30.796Z] [unzip] Processing entry: client\assets\provider-icons\auth_service_yahoo.svg
[debug] [2024-11-20T13:38:30.796Z] [unzip] else mkdir: C:\Users\claud\.cache\firebase\emulators\ui-v1.14.0\client\assets\provider-icons
[debug] [2024-11-20T13:38:30.796Z] [unzip] deflating: C:\Users\claud\.cache\firebase\emulators\ui-v1.14.0\client\assets\provider-icons\auth_service_yahoo.svg
[debug] [2024-11-20T13:38:30.798Z] [unzip] Entry: client/assets/provider-icons/auth_service_twitter.svg (compressed_size=444 bytes, uncompressed_size=751 bytes)
[debug] [2024-11-20T13:38:30.798Z] [unzip] Processing entry: client\assets\provider-icons\auth_service_twitter.svg
[debug] [2024-11-20T13:38:30.798Z] [unzip] else mkdir: C:\Users\claud\.cache\firebase\emulators\ui-v1.14.0\client\assets\provider-icons
[debug] [2024-11-20T13:38:30.798Z] [unzip] deflating: C:\Users\claud\.cache\firebase\emulators\ui-v1.14.0\client\assets\provider-icons\auth_service_twitter.svg
[debug] [2024-11-20T13:38:30.800Z] [unzip] Entry: client/assets/provider-icons/auth_service_play_games.svg (compressed_size=565 bytes, uncompressed_size=1173 bytes)
[debug] [2024-11-20T13:38:30.800Z] [unzip] Processing entry: client\assets\provider-icons\auth_service_play_games.svg
[debug] [2024-11-20T13:38:30.800Z] [unzip] else mkdir: C:\Users\claud\.cache\firebase\emulators\ui-v1.14.0\client\assets\provider-icons
[debug] [2024-11-20T13:38:30.801Z] [unzip] deflating: C:\Users\claud\.cache\firebase\emulators\ui-v1.14.0\client\assets\provider-icons\auth_service_play_games.svg
[debug] [2024-11-20T13:38:30.801Z] [unzip] Entry: client/assets/provider-icons/auth_service_email.svg (compressed_size=228 bytes, uncompressed_size=326 bytes)
[debug] [2024-11-20T13:38:30.802Z] [unzip] Processing entry: client\assets\provider-icons\auth_service_email.svg
[debug] [2024-11-20T13:38:30.802Z] [unzip] else mkdir: C:\Users\claud\.cache\firebase\emulators\ui-v1.14.0\client\assets\provider-icons
[debug] [2024-11-20T13:38:30.802Z] [unzip] deflating: C:\Users\claud\.cache\firebase\emulators\ui-v1.14.0\client\assets\provider-icons\auth_service_email.svg
[debug] [2024-11-20T13:38:30.803Z] [unzip] Entry: client/assets/provider-icons/auth_service_google.svg (compressed_size=409 bytes, uncompressed_size=720 bytes)
[debug] [2024-11-20T13:38:30.803Z] [unzip] Processing entry: client\assets\provider-icons\auth_service_google.svg
[debug] [2024-11-20T13:38:30.803Z] [unzip] else mkdir: C:\Users\claud\.cache\firebase\emulators\ui-v1.14.0\client\assets\provider-icons
[debug] [2024-11-20T13:38:30.803Z] [unzip] deflating: C:\Users\claud\.cache\firebase\emulators\ui-v1.14.0\client\assets\provider-icons\auth_service_google.svg
[debug] [2024-11-20T13:38:30.804Z] [unzip] Entry: client/assets/provider-icons/auth_service_oidc.svg (compressed_size=414 bytes, uncompressed_size=858 bytes)
[debug] [2024-11-20T13:38:30.805Z] [unzip] Processing entry: client\assets\provider-icons\auth_service_oidc.svg
[debug] [2024-11-20T13:38:30.805Z] [unzip] else mkdir: C:\Users\claud\.cache\firebase\emulators\ui-v1.14.0\client\assets\provider-icons
[debug] [2024-11-20T13:38:30.805Z] [unzip] deflating: C:\Users\claud\.cache\firebase\emulators\ui-v1.14.0\client\assets\provider-icons\auth_service_oidc.svg
[debug] [2024-11-20T13:38:30.807Z] [unzip] Entry: client/browserconfig.xml (compressed_size=491 bytes, uncompressed_size=822 bytes)
[debug] [2024-11-20T13:38:30.808Z] [unzip] Processing entry: client\browserconfig.xml
[debug] [2024-11-20T13:38:30.808Z] [unzip] else mkdir: C:\Users\claud\.cache\firebase\emulators\ui-v1.14.0\client
[debug] [2024-11-20T13:38:30.808Z] [unzip] deflating: C:\Users\claud\.cache\firebase\emulators\ui-v1.14.0\client\browserconfig.xml
[debug] [2024-11-20T13:38:30.810Z] [unzip] Entry: client/favicon-32x32.png (compressed_size=475 bytes, uncompressed_size=475 bytes)
[debug] [2024-11-20T13:38:30.810Z] [unzip] Processing entry: client\favicon-32x32.png
[debug] [2024-11-20T13:38:30.810Z] [unzip] else mkdir: C:\Users\claud\.cache\firebase\emulators\ui-v1.14.0\client
[debug] [2024-11-20T13:38:30.811Z] [unzip] Writing file: C:\Users\claud\.cache\firebase\emulators\ui-v1.14.0\client\favicon-32x32.png
[debug] [2024-11-20T13:38:30.812Z] [unzip] Entry: server/ (compressed_size=0 bytes, uncompressed_size=0 bytes)
[debug] [2024-11-20T13:38:30.812Z] [unzip] Processing entry: server\
[debug] [2024-11-20T13:38:30.812Z] [unzip] mkdir: C:\Users\claud\.cache\firebase\emulators\ui-v1.14.0\server\
[debug] [2024-11-20T13:38:30.812Z] [unzip] Entry: server/server.mjs.map (compressed_size=296496 bytes, uncompressed_size=1355667 bytes)
[debug] [2024-11-20T13:38:30.813Z] [unzip] Processing entry: server\server.mjs.map
[debug] [2024-11-20T13:38:30.813Z] [unzip] else mkdir: C:\Users\claud\.cache\firebase\emulators\ui-v1.14.0\server
[debug] [2024-11-20T13:38:30.813Z] [unzip] deflating: C:\Users\claud\.cache\firebase\emulators\ui-v1.14.0\server\server.mjs.map
[debug] [2024-11-20T13:38:30.819Z] [unzip] Entry: server/server.mjs (compressed_size=315701 bytes, uncompressed_size=1172682 bytes)
[debug] [2024-11-20T13:38:30.820Z] [unzip] Processing entry: server\server.mjs
[debug] [2024-11-20T13:38:30.820Z] [unzip] else mkdir: C:\Users\claud\.cache\firebase\emulators\ui-v1.14.0\server
[debug] [2024-11-20T13:38:30.820Z] [unzip] deflating: C:\Users\claud\.cache\firebase\emulators\ui-v1.14.0\server\server.mjs
[debug] [2024-11-20T13:38:30.826Z] [unzip] Entry: server/assets/ (compressed_size=0 bytes, uncompressed_size=0 bytes)
[debug] [2024-11-20T13:38:30.826Z] [unzip] Processing entry: server\assets\
[debug] [2024-11-20T13:38:30.826Z] [unzip] mkdir: C:\Users\claud\.cache\firebase\emulators\ui-v1.14.0\server\assets\
[debug] [2024-11-20T13:38:30.827Z] [unzip] Entry: server/assets/multipart-parser-DGCUZdXu.mjs.map (compressed_size=4791 bytes, uncompressed_size=17918 bytes)
[debug] [2024-11-20T13:38:30.827Z] [unzip] Processing entry: server\assets\multipart-parser-DGCUZdXu.mjs.map
[debug] [2024-11-20T13:38:30.827Z] [unzip] else mkdir: C:\Users\claud\.cache\firebase\emulators\ui-v1.14.0\server\assets
[debug] [2024-11-20T13:38:30.827Z] [unzip] deflating: C:\Users\claud\.cache\firebase\emulators\ui-v1.14.0\server\assets\multipart-parser-DGCUZdXu.mjs.map
[debug] [2024-11-20T13:38:30.828Z] [unzip] Entry: server/assets/multipart-parser-DGCUZdXu.mjs (compressed_size=2621 bytes, uncompressed_size=10390 bytes)
[debug] [2024-11-20T13:38:30.828Z] [unzip] Processing entry: server\assets\multipart-parser-DGCUZdXu.mjs
[debug] [2024-11-20T13:38:30.828Z] [unzip] else mkdir: C:\Users\claud\.cache\firebase\emulators\ui-v1.14.0\server\assets
[debug] [2024-11-20T13:38:30.828Z] [unzip] deflating: C:\Users\claud\.cache\firebase\emulators\ui-v1.14.0\server\assets\multipart-parser-DGCUZdXu.mjs
[info] i  ui: Removing outdated emulator files: ui-v1.12.1 {"metadata":{"emulator":{"name":"ui"},"message":"Removing outdated emulator files: ui-v1.12.1"}}
[info] i  ui: Removing outdated emulator files: ui-v1.12.1.zip {"metadata":{"emulator":{"name":"ui"},"message":"Removing outdated emulator files: ui-v1.12.1.zip"}}
[debug] [2024-11-20T13:38:30.847Z] [Extensions] Connecting Extensions emulator, this is a noop.
[info] i  functions: Watching "D:\All Projects\telesApps\functions" for Cloud Functions... {"metadata":{"emulator":{"name":"functions"},"message":"Watching \"D:\\All Projects\\telesApps\\functions\" for Cloud Functions..."}}
[debug] [2024-11-20T13:38:30.855Z] Validating nodejs source
[debug] [2024-11-20T13:38:31.604Z] > [functions] package.json contents: {
  "name": "functions",
  "scripts": {
    "lint": "eslint --ext .js,.ts .",
    "build": "tsc",
    "build:watch": "tsc --watch",
    "serve": "npm run build && firebase emulators:start --only functions",
    "shell": "npm run build && firebase functions:shell",
    "start": "npm run shell",
    "deploy": "firebase deploy --only functions",
    "logs": "firebase functions:log"
  },
  "engines": {
    "node": "20"
  },
  "main": "lib/index.js",
  "dependencies": {
    "firebase-admin": "^13.0.0",
    "firebase-functions": "^6.1.0"
  },
  "devDependencies": {
    "@typescript-eslint/eslint-plugin": "^5.12.0",
    "@typescript-eslint/parser": "^5.12.0",
    "eslint": "^8.9.0",
    "eslint-config-google": "^0.14.0",
    "eslint-plugin-import": "^2.25.4",
    "firebase-functions-test": "^3.1.0",
    "typescript": "^4.9.0"
  },
  "private": true
}
[debug] [2024-11-20T13:38:31.604Z] Building nodejs source
[debug] [2024-11-20T13:38:31.604Z] Failed to find version of module node: reached end of search path D:\All Projects\telesApps\functions\node_modules
[info] +  functions: Using node@20 from host. 
[debug] [2024-11-20T13:38:31.607Z] Could not find functions.yaml. Must use http discovery
[debug] [2024-11-20T13:38:31.614Z] Found firebase-functions binary at 'D:\All Projects\telesApps\functions\node_modules\.bin\firebase-functions'
